2025.11.15 19:54:03 INFO  Started: Metals version 1.6.3 in folders '/Users/sarochas/CSCI-3415-Project' for client Visual Studio Code 1.106.0.
2025.11.15 19:54:03 WARN  Using H2 2.4.240 which is newer than the version Flyway has been verified with. The latest verified version of H2 is 2.3.232.
2025.11.15 19:54:25 WARN  no build target for: /Users/sarochas/CSCI-3415-Project/TicTacToe.scala
2025.11.15 19:54:25 INFO  no build target found for /Users/sarochas/CSCI-3415-Project/TicTacToe.scala. Using presentation compiler with project's scala-library version: 3.3.6
2025.11.15 19:54:27 INFO  no build target found for /Users/sarochas/CSCI-3415-Project/TicTacToe.scala. Using presentation compiler with project's scala-library version: 3.3.6
2025.11.15 19:54:32 INFO  no build target found for /Users/sarochas/CSCI-3415-Project/TicTacToe.scala. Using presentation compiler with project's scala-library version: 3.3.6
2025.11.15 19:54:33 INFO  no build target found for /Users/sarochas/CSCI-3415-Project/TicTacToe.scala. Using presentation compiler with project's scala-library version: 3.3.6
2025.11.15 19:54:33 INFO  no build target found for /Users/sarochas/CSCI-3415-Project/TicTacToe.scala. Using presentation compiler with project's scala-library version: 3.3.6
2025.11.15 19:54:32 INFO  no build target found for /Users/sarochas/CSCI-3415-Project/TicTacToe.scala. Using presentation compiler with project's scala-library version: 3.3.6
2025.11.15 19:54:32 INFO  no build target found for /Users/sarochas/CSCI-3415-Project/TicTacToe.scala. Using presentation compiler with project's scala-library version: 3.3.6
2025.11.15 19:54:32 INFO  no build target found for /Users/sarochas/CSCI-3415-Project/TicTacToe.scala. Using presentation compiler with project's scala-library version: 3.3.6
2025.11.15 19:54:33 INFO  no build target found for /Users/sarochas/CSCI-3415-Project/TicTacToe.scala. Using presentation compiler with project's scala-library version: 3.3.6
2025.11.15 19:54:33 INFO  no build target found for /Users/sarochas/CSCI-3415-Project/TicTacToe.scala. Using presentation compiler with project's scala-library version: 3.3.6
Nov 15, 2025 7:54:34 PM org.eclipse.lsp4j.jsonrpc.RemoteEndpoint handleCancellation
WARNING: Unmatched cancel notification for request id 27
Nov 15, 2025 7:54:34 PM org.eclipse.lsp4j.jsonrpc.RemoteEndpoint handleCancellation
WARNING: Unmatched cancel notification for request id 20
Nov 15, 2025 7:54:34 PM org.eclipse.lsp4j.jsonrpc.RemoteEndpoint handleCancellation
WARNING: Unmatched cancel notification for request id 22
2025.11.15 19:54:33 INFO  no build target found for /Users/sarochas/CSCI-3415-Project/TicTacToe.scala. Using presentation compiler with project's scala-library version: 3.3.6
Nov 15, 2025 7:54:34 PM org.eclipse.lsp4j.jsonrpc.RemoteEndpoint handleCancellation
WARNING: Unmatched cancel notification for request id 21
2025.11.15 19:54:33 INFO  no build target found for /Users/sarochas/CSCI-3415-Project/TicTacToe.scala. Using presentation compiler with project's scala-library version: 3.3.6
Nov 15, 2025 7:54:34 PM org.eclipse.lsp4j.jsonrpc.RemoteEndpoint handleCancellation
WARNING: Unmatched cancel notification for request id 28
2025.11.15 19:54:33 INFO  no build target found for /Users/sarochas/CSCI-3415-Project/TicTacToe.scala. Using presentation compiler with project's scala-library version: 3.3.6
Nov 15, 2025 7:54:34 PM org.eclipse.lsp4j.jsonrpc.RemoteEndpoint handleCancellation
WARNING: Unmatched cancel notification for request id 31
2025.11.15 19:54:34 INFO  no build target found for /Users/sarochas/CSCI-3415-Project/TicTacToe.scala. Using presentation compiler with project's scala-library version: 3.3.6
Nov 15, 2025 7:54:34 PM org.eclipse.lsp4j.jsonrpc.RemoteEndpoint handleCancellation
WARNING: Unmatched cancel notification for request id 34
2025.11.15 19:54:33 INFO  no build target found for /Users/sarochas/CSCI-3415-Project/TicTacToe.scala. Using presentation compiler with project's scala-library version: 3.3.6
2025.11.15 19:54:33 INFO  no build target found for /Users/sarochas/CSCI-3415-Project/TicTacToe.scala. Using presentation compiler with project's scala-library version: 3.3.6
2025.11.15 19:54:34 INFO  no build target found for /Users/sarochas/CSCI-3415-Project/TicTacToe.scala. Using presentation compiler with project's scala-library version: 3.3.6
2025.11.15 19:54:36 INFO  no build target found for /Users/sarochas/CSCI-3415-Project/TicTacToe.scala. Using presentation compiler with project's scala-library version: 3.3.6
2025.11.15 19:54:36 WARN  no build target for: /Users/sarochas/CSCI-3415-Project/TicTacToe.scala
2025.11.15 19:54:36 INFO  no build target found for /Users/sarochas/CSCI-3415-Project/TicTacToe.scala. Using presentation compiler with project's scala-library version: 3.3.6
2025.11.15 19:54:40 INFO  no build target found for /Users/sarochas/CSCI-3415-Project/TicTacToe.scala. Using presentation compiler with project's scala-library version: 3.3.6
2025.11.15 19:54:43 INFO  no build target found for /Users/sarochas/CSCI-3415-Project/TicTacToe.scala. Using presentation compiler with project's scala-library version: 3.3.6
2025.11.15 19:54:48 WARN  no build target for: /Users/sarochas/CSCI-3415-Project/TicTacToe.scala
2025.11.15 19:54:48 INFO  no build target found for /Users/sarochas/CSCI-3415-Project/TicTacToe.scala. Using presentation compiler with project's scala-library version: 3.3.6
2025.11.15 19:54:48 INFO  no build target found for /Users/sarochas/CSCI-3415-Project/TicTacToe.scala. Using presentation compiler with project's scala-library version: 3.3.6
2025.11.15 19:56:23 INFO  no build target found for /Users/sarochas/CSCI-3415-Project/TicTacToe.scala. Using presentation compiler with project's scala-library version: 3.3.6
2025.11.15 19:56:25 INFO  no build target found for /Users/sarochas/CSCI-3415-Project/TicTacToe.scala. Using presentation compiler with project's scala-library version: 3.3.6
2025.11.15 19:56:50 INFO  no build target found for /Users/sarochas/CSCI-3415-Project/TicTacToe.scala. Using presentation compiler with project's scala-library version: 3.3.6
2025.11.15 19:57:27 INFO  no build target found for /Users/sarochas/CSCI-3415-Project/TicTacToe.scala. Using presentation compiler with project's scala-library version: 3.3.6
